<?xml version="1.0" encoding="UTF-8"?>
<!-- Generated by org.testng.reporters.JUnitReportReporter -->
<testsuite skipped="0" hostname="Mirna" name="testCases.Put_Or_Update_Product" tests="1" failures="0" timestamp="26 Jun 2021 17:43:05 GMT" time="3.250" errors="0">
  <testcase name="update_A_Product" time="3.250" classname="testCases.Put_Or_Update_Product"/>
</testsuite> <!-- testCases.Put_Or_Update_Product -->
