<?xml version="1.0" encoding="UTF-8"?>
<!-- Generated by org.testng.reporters.JUnitReportReporter -->
<testsuite skipped="0" hostname="Mirna" name="testCases.Delete_Product" tests="1" failures="0" timestamp="26 Jun 2021 17:51:51 GMT" time="5.694" errors="0">
  <testcase name="delete_Product" time="5.694" classname="testCases.Delete_Product"/>
</testsuite> <!-- testCases.Delete_Product -->
