<?xml version="1.0" encoding="UTF-8"?>
<!-- Generated by org.testng.reporters.JUnitReportReporter -->
<testsuite skipped="0" hostname="Mirna" name="testCases.Post_Or_Create_Product" tests="1" failures="0" timestamp="26 Jun 2021 17:34:28 GMT" time="3.557" errors="0">
  <testcase name="create_A_Product" time="3.557" classname="testCases.Post_Or_Create_Product"/>
</testsuite> <!-- testCases.Post_Or_Create_Product -->
