<?xml version="1.0" encoding="UTF-8"?>
<!-- Generated by org.testng.reporters.JUnitReportReporter -->
<testsuite skipped="0" hostname="Mirna" name="testCases.Get_or_Read_All_Products" tests="1" failures="0" timestamp="26 Jun 2021 14:43:17 GMT" time="4.361" errors="0">
  <testcase name="read_All_Products" time="4.361" classname="testCases.Get_or_Read_All_Products"/>
</testsuite> <!-- testCases.Get_or_Read_All_Products -->
