<?xml version="1.0" encoding="UTF-8"?>
<!-- Generated by org.testng.reporters.JUnitReportReporter -->
<testsuite skipped="0" hostname="Mirna" name="testCases.Get_or_Read_A_Product" tests="1" failures="0" timestamp="26 Jun 2021 17:18:20 GMT" time="2.483" errors="0">
  <testcase name="read_A_Products" time="2.483" classname="testCases.Get_or_Read_A_Product"/>
</testsuite> <!-- testCases.Get_or_Read_A_Product -->
